<?xml version="1.0" encoding="UTF-8"?>
<!-- Generated by org.testng.reporters.JUnitReportReporter -->
<testsuite hostname="DESKTOP-FGUCRA2" failures="0" tests="1" name="com.ab.testLayer.RegistrationPageTest" time="23.000" errors="0" timestamp="2023-02-10T10:41:17 IST" skipped="0">
  <testcase classname="com.ab.testLayer.RegistrationPageTest" name="RegisterwithcorrectCredentials1" time="23.000"/>
  <system-out/>
</testsuite> <!-- com.ab.testLayer.RegistrationPageTest -->
