<?xml version="1.0" encoding="UTF-8"?>
<!-- Generated by org.testng.reporters.JUnitReportReporter -->
<testsuite hostname="DESKTOP-FURD321" failures="0" tests="1" name="com.ab.testLayer.test" time="5.611" errors="0" timestamp="2023-02-11T15:29:56 IST" skipped="0">
  <testcase classname="com.ab.testLayer.test" name="Test1" time="5.611"/>
  <system-out/>
</testsuite> <!-- com.ab.testLayer.test -->
